# JRE version: OpenJDK Runtime Environment (8.0_112-b06) (build 1.8.0_112-release-b06)
# Java VM: OpenJDK 64-Bit Server VM (25.112-b06 mixed mode windows-amd64 compressed oops)
Heap:
 PSYoungGen      total 737792K, used 538189K [0x0000000715580000, 0x000000074df80000, 0x00000007c0000000)
  eden space 544256K, 98% used [0x0000000715580000,0x0000000736313528,0x0000000736900000)
  from space 193536K, 0% used [0x0000000742080000,0x0000000742080000,0x000000074dd80000)
  to   space 187904K, 0% used [0x0000000736900000,0x0000000736900000,0x0000000742080000)
 ParOldGen       total 509952K, used 509753K [0x00000005c0000000, 0x00000005df200000, 0x0000000715580000)
  object space 509952K, 99% used [0x00000005c0000000,0x00000005df1ce5a8,0x00000005df200000)
 Metaspace       used 6693K, capacity 7348K, committed 7552K, reserved 1056768K
  class space    used 604K, capacity 620K, committed 640K, reserved 1048576K
GC Heap History (10 events):
Event: 22.706 GC heap before
{Heap before GC invocations=16 (full 5):
 PSYoungGen      total 580608K, used 495616K [0x0000000715580000, 0x0000000742e00000, 0x00000007c0000000)
  eden space 495616K, 100% used [0x0000000715580000,0x0000000733980000,0x0000000733980000)
  from space 84992K, 0% used [0x000000073db00000,0x000000073db00000,0x0000000742e00000)
  to   space 57856K, 0% used [0x0000000733980000,0x0000000733980000,0x0000000737200000)
 ParOldGen       total 509952K, used 171761K [0x00000005c0000000, 0x00000005df200000, 0x0000000715580000)
  object space 509952K, 33% used [0x00000005c0000000,0x00000005ca7bc500,0x00000005df200000)
 Metaspace       used 6610K, capacity 7282K, committed 7552K, reserved 1056768K
  class space    used 600K, capacity 618K, committed 640K, reserved 1048576K
Event: 23.039 GC heap after
Heap after GC invocations=16 (full 5):
 PSYoungGen      total 553472K, used 57835K [0x0000000715580000, 0x000000074dd80000, 0x00000007c0000000)
  eden space 495616K, 0% used [0x0000000715580000,0x0000000715580000,0x0000000733980000)
  from space 57856K, 99% used [0x0000000733980000,0x00000007371fadf0,0x0000000737200000)
  to   space 193536K, 0% used [0x0000000742080000,0x0000000742080000,0x000000074dd80000)
 ParOldGen       total 509952K, used 381266K [0x00000005c0000000, 0x00000005df200000, 0x0000000715580000)
  object space 509952K, 74% used [0x00000005c0000000,0x00000005d7454958,0x00000005df200000)
 Metaspace       used 6610K, capacity 7282K, committed 7552K, reserved 1056768K
  class space    used 600K, capacity 618K, committed 640K, reserved 1048576K
}
Event: 24.223 GC heap before
{Heap before GC invocations=17 (full 5):
 PSYoungGen      total 553472K, used 553451K [0x0000000715580000, 0x000000074dd80000, 0x00000007c0000000)
  eden space 495616K, 100% used [0x0000000715580000,0x0000000733980000,0x0000000733980000)
  from space 57856K, 99% used [0x0000000733980000,0x00000007371fadf0,0x0000000737200000)
  to   space 193536K, 0% used [0x0000000742080000,0x0000000742080000,0x000000074dd80000)
 ParOldGen       total 509952K, used 381266K [0x00000005c0000000, 0x00000005df200000, 0x0000000715580000)
  object space 509952K, 74% used [0x00000005c0000000,0x00000005d7454958,0x00000005df200000)
 Metaspace       used 6611K, capacity 7282K, committed 7552K, reserved 1056768K
  class space    used 600K, capacity 618K, committed 640K, reserved 1048576K
Event: 24.454 GC heap after
Heap after GC invocations=17 (full 5):
 PSYoungGen      total 737792K, used 82235K [0x0000000715580000, 0x000000074df80000, 0x00000007c0000000)
  eden space 544256K, 0% used [0x0000000715580000,0x0000000715580000,0x0000000736900000)
  from space 193536K, 42% used [0x0000000742080000,0x00000007470cef90,0x000000074dd80000)
  to   space 187904K, 0% used [0x0000000736900000,0x0000000736900000,0x0000000742080000)
 ParOldGen       total 509952K, used 439229K [0x00000005c0000000, 0x00000005df200000, 0x0000000715580000)
  object space 509952K, 86% used [0x00000005c0000000,0x00000005dacef7b0,0x00000005df200000)
 Metaspace       used 6611K, capacity 7282K, committed 7552K, reserved 1056768K
  class space    used 600K, capacity 618K, committed 640K, reserved 1048576K
}
Event: 24.454 GC heap before
{Heap before GC invocations=18 (full 6):
 PSYoungGen      total 737792K, used 82235K [0x0000000715580000, 0x000000074df80000, 0x00000007c0000000)
  eden space 544256K, 0% used [0x0000000715580000,0x0000000715580000,0x0000000736900000)
  from space 193536K, 42% used [0x0000000742080000,0x00000007470cef90,0x000000074dd80000)
  to   space 187904K, 0% used [0x0000000736900000,0x0000000736900000,0x0000000742080000)
 ParOldGen       total 509952K, used 439229K [0x00000005c0000000, 0x00000005df200000, 0x0000000715580000)
  object space 509952K, 86% used [0x00000005c0000000,0x00000005dacef7b0,0x00000005df200000)
 Metaspace       used 6611K, capacity 7282K, committed 7552K, reserved 1056768K
  class space    used 600K, capacity 618K, committed 640K, reserved 1048576K
Event: 27.859 GC heap after
Heap after GC invocations=18 (full 6):
 PSYoungGen      total 737792K, used 6203K [0x0000000715580000, 0x000000074df80000, 0x00000007c0000000)
  eden space 544256K, 0% used [0x0000000715580000,0x0000000715580000,0x0000000736900000)
  from space 193536K, 3% used [0x0000000742080000,0x000000074268eef8,0x000000074dd80000)
  to   space 187904K, 0% used [0x0000000736900000,0x0000000736900000,0x0000000742080000)
 ParOldGen       total 509952K, used 509753K [0x00000005c0000000, 0x00000005df200000, 0x0000000715580000)
  object space 509952K, 99% used [0x00000005c0000000,0x00000005df1ce4c0,0x00000005df200000)
 Metaspace       used 6611K, capacity 7282K, committed 7552K, reserved 1056768K
  class space    used 600K, capacity 618K, committed 640K, reserved 1048576K
}
Event: 29.446 GC heap before
{Heap before GC invocations=19 (full 7):
 PSYoungGen      total 737792K, used 550459K [0x0000000715580000, 0x000000074df80000, 0x00000007c0000000)
  eden space 544256K, 100% used [0x0000000715580000,0x0000000736900000,0x0000000736900000)
  from space 193536K, 3% used [0x0000000742080000,0x000000074268eef8,0x000000074dd80000)
  to   space 187904K, 0% used [0x0000000736900000,0x0000000736900000,0x0000000742080000)
 ParOldGen       total 509952K, used 509753K [0x00000005c0000000, 0x00000005df200000, 0x0000000715580000)
  object space 509952K, 99% used [0x00000005c0000000,0x00000005df1ce4c0,0x00000005df200000)
 Metaspace       used 6616K, capacity 7282K, committed 7552K, reserved 1056768K
  class space    used 600K, capacity 618K, committed 640K, reserved 1048576K
Event: 32.001 GC heap after
Heap after GC invocations=19 (full 7):
 PSYoungGen      total 737792K, used 95077K [0x0000000715580000, 0x000000074df80000, 0x00000007c0000000)
  eden space 544256K, 17% used [0x0000000715580000,0x000000071b2597a0,0x0000000736900000)
  from space 193536K, 0% used [0x0000000742080000,0x0000000742080000,0x000000074dd80000)
  to   space 187904K, 0% used [0x0000000736900000,0x0000000736900000,0x0000000742080000)
 ParOldGen       total 509952K, used 509933K [0x00000005c0000000, 0x00000005df200000, 0x0000000715580000)
  object space 509952K, 99% used [0x00000005c0000000,0x00000005df1fb400,0x00000005df200000)
 Metaspace       used 6616K, capacity 7282K, committed 7552K, reserved 1056768K
  class space    used 600K, capacity 618K, committed 640K, reserved 1048576K
}
Event: 33.086 GC heap before
{Heap before GC invocations=20 (full 8):
 PSYoungGen      total 737792K, used 544256K [0x0000000715580000, 0x000000074df80000, 0x00000007c0000000)
  eden space 544256K, 100% used [0x0000000715580000,0x0000000736900000,0x0000000736900000)
  from space 193536K, 0% used [0x0000000742080000,0x0000000742080000,0x000000074dd80000)
  to   space 187904K, 0% used [0x0000000736900000,0x0000000736900000,0x0000000742080000)
 ParOldGen       total 509952K, used 509933K [0x00000005c0000000, 0x00000005df200000, 0x0000000715580000)
  object space 509952K, 99% used [0x00000005c0000000,0x00000005df1fb400,0x00000005df200000)
 Metaspace       used 6618K, capacity 7282K, committed 7552K, reserved 1056768K
  class space    used 600K, capacity 618K, committed 640K, reserved 1048576K
Event: 35.962 GC heap after
Heap after GC invocations=20 (full 8):
 PSYoungGen      total 737792K, used 157209K [0x0000000715580000, 0x000000074df80000, 0x00000007c0000000)
  eden space 544256K, 28% used [0x0000000715580000,0x000000071ef06538,0x0000000736900000)
  from space 193536K, 0% used [0x0000000742080000,0x0000000742080000,0x000000074dd80000)
  to   space 187904K, 0% used [0x0000000736900000,0x0000000736900000,0x0000000742080000)
 ParOldGen       total 509952K, used 509753K [0x00000005c0000000, 0x00000005df200000, 0x0000000715580000)
  object space 509952K, 99% used [0x00000005c0000000,0x00000005df1ce5a8,0x00000005df200000)
 Metaspace       used 6618K, capacity 7282K, committed 7552K, reserved 1056768K
  class space    used 600K, capacity 618K, committed 640K, reserved 1048576K
}

