# JRE version: OpenJDK Runtime Environment (8.0_112-b06) (build 1.8.0_112-release-b06)
# Java VM: OpenJDK 64-Bit Server VM (25.112-b06 mixed mode windows-amd64 compressed oops)
Heap:
 PSYoungGen      total 860160K, used 265797K [0x0000000715580000, 0x0000000759a80000, 0x00000007c0000000)
  eden space 658432K, 40% used [0x0000000715580000,0x0000000725911588,0x000000073d880000)
  from space 201728K, 0% used [0x000000073d880000,0x000000073d880000,0x0000000749d80000)
  to   space 158208K, 0% used [0x0000000749d80000,0x0000000749d80000,0x0000000753800000)
 ParOldGen       total 595456K, used 595050K [0x00000005c0000000, 0x00000005e4580000, 0x0000000715580000)
  object space 595456K, 99% used [0x00000005c0000000,0x00000005e451aa98,0x00000005e4580000)
 Metaspace       used 6740K, capacity 7350K, committed 7552K, reserved 1056768K
  class space    used 608K, capacity 622K, committed 640K, reserved 1048576K
GC Heap History (10 events):
Event: 20.255 GC heap before
{Heap before GC invocations=18 (full 3):
 PSYoungGen      total 816640K, used 816612K [0x0000000715580000, 0x0000000759a80000, 0x00000007c0000000)
  eden space 658432K, 100% used [0x0000000715580000,0x000000073d880000,0x000000073d880000)
  from space 158208K, 99% used [0x0000000749d80000,0x00000007537f9150,0x0000000753800000)
  to   space 201728K, 0% used [0x000000073d880000,0x000000073d880000,0x0000000749d80000)
 ParOldGen       total 520704K, used 436183K [0x00000005c0000000, 0x00000005dfc80000, 0x0000000715580000)
  object space 520704K, 83% used [0x00000005c0000000,0x00000005da9f5dc8,0x00000005dfc80000)
 Metaspace       used 6604K, capacity 7282K, committed 7552K, reserved 1056768K
  class space    used 600K, capacity 618K, committed 640K, reserved 1048576K
Event: 20.570 GC heap after
Heap after GC invocations=18 (full 3):
 PSYoungGen      total 860160K, used 102502K [0x0000000715580000, 0x0000000759a80000, 0x00000007c0000000)
  eden space 658432K, 0% used [0x0000000715580000,0x0000000715580000,0x000000073d880000)
  from space 201728K, 50% used [0x000000073d880000,0x0000000743c999f0,0x0000000749d80000)
  to   space 158208K, 0% used [0x0000000749d80000,0x0000000749d80000,0x0000000753800000)
 ParOldGen       total 595456K, used 595094K [0x00000005c0000000, 0x00000005e4580000, 0x0000000715580000)
  object space 595456K, 99% used [0x00000005c0000000,0x00000005e4525878,0x00000005e4580000)
 Metaspace       used 6604K, capacity 7282K, committed 7552K, reserved 1056768K
  class space    used 600K, capacity 618K, committed 640K, reserved 1048576K
}
Event: 20.570 GC heap before
{Heap before GC invocations=19 (full 4):
 PSYoungGen      total 860160K, used 102502K [0x0000000715580000, 0x0000000759a80000, 0x00000007c0000000)
  eden space 658432K, 0% used [0x0000000715580000,0x0000000715580000,0x000000073d880000)
  from space 201728K, 50% used [0x000000073d880000,0x0000000743c999f0,0x0000000749d80000)
  to   space 158208K, 0% used [0x0000000749d80000,0x0000000749d80000,0x0000000753800000)
 ParOldGen       total 595456K, used 595094K [0x00000005c0000000, 0x00000005e4580000, 0x0000000715580000)
  object space 595456K, 99% used [0x00000005c0000000,0x00000005e4525878,0x00000005e4580000)
 Metaspace       used 6604K, capacity 7282K, committed 7552K, reserved 1056768K
  class space    used 600K, capacity 618K, committed 640K, reserved 1048576K
Event: 23.936 GC heap after
Heap after GC invocations=19 (full 4):
 PSYoungGen      total 860160K, used 87100K [0x0000000715580000, 0x0000000759a80000, 0x00000007c0000000)
  eden space 658432K, 0% used [0x0000000715580000,0x0000000715580000,0x000000073d880000)
  from space 201728K, 43% used [0x000000073d880000,0x0000000742d8f340,0x0000000749d80000)
  to   space 158208K, 0% used [0x0000000749d80000,0x0000000749d80000,0x0000000753800000)
 ParOldGen       total 595456K, used 595246K [0x00000005c0000000, 0x00000005e4580000, 0x0000000715580000)
  object space 595456K, 99% used [0x00000005c0000000,0x00000005e454b918,0x00000005e4580000)
 Metaspace       used 6604K, capacity 7282K, committed 7552K, reserved 1056768K
  class space    used 600K, capacity 618K, committed 640K, reserved 1048576K
}
Event: 25.879 GC heap before
{Heap before GC invocations=20 (full 5):
 PSYoungGen      total 860160K, used 745532K [0x0000000715580000, 0x0000000759a80000, 0x00000007c0000000)
  eden space 658432K, 100% used [0x0000000715580000,0x000000073d880000,0x000000073d880000)
  from space 201728K, 43% used [0x000000073d880000,0x0000000742d8f340,0x0000000749d80000)
  to   space 158208K, 0% used [0x0000000749d80000,0x0000000749d80000,0x0000000753800000)
 ParOldGen       total 595456K, used 595290K [0x00000005c0000000, 0x00000005e4580000, 0x0000000715580000)
  object space 595456K, 99% used [0x00000005c0000000,0x00000005e4556a00,0x00000005e4580000)
 Metaspace       used 6709K, capacity 7350K, committed 7552K, reserved 1056768K
  class space    used 606K, capacity 622K, committed 640K, reserved 1048576K
Event: 32.221 GC heap after
Heap after GC invocations=20 (full 5):
 PSYoungGen      total 860160K, used 207673K [0x0000000715580000, 0x0000000759a80000, 0x00000007c0000000)
  eden space 658432K, 31% used [0x0000000715580000,0x000000072204e738,0x000000073d880000)
  from space 201728K, 0% used [0x000000073d880000,0x000000073d880000,0x0000000749d80000)
  to   space 158208K, 0% used [0x0000000749d80000,0x0000000749d80000,0x0000000753800000)
 ParOldGen       total 595456K, used 595394K [0x00000005c0000000, 0x00000005e4580000, 0x0000000715580000)
  object space 595456K, 99% used [0x00000005c0000000,0x00000005e4570a30,0x00000005e4580000)
 Metaspace       used 6709K, capacity 7350K, committed 7552K, reserved 1056768K
  class space    used 606K, capacity 622K, committed 640K, reserved 1048576K
}
Event: 35.233 GC heap before
{Heap before GC invocations=21 (full 6):
 PSYoungGen      total 860160K, used 658432K [0x0000000715580000, 0x0000000759a80000, 0x00000007c0000000)
  eden space 658432K, 100% used [0x0000000715580000,0x000000073d880000,0x000000073d880000)
  from space 201728K, 0% used [0x000000073d880000,0x000000073d880000,0x0000000749d80000)
  to   space 158208K, 0% used [0x0000000749d80000,0x0000000749d80000,0x0000000753800000)
 ParOldGen       total 595456K, used 595394K [0x00000005c0000000, 0x00000005e4580000, 0x0000000715580000)
  object space 595456K, 99% used [0x00000005c0000000,0x00000005e4570a30,0x00000005e4580000)
 Metaspace       used 6719K, capacity 7350K, committed 7552K, reserved 1056768K
  class space    used 608K, capacity 622K, committed 640K, reserved 1048576K
Event: 39.141 GC heap after
Heap after GC invocations=21 (full 6):
 PSYoungGen      total 860160K, used 319309K [0x0000000715580000, 0x0000000759a80000, 0x00000007c0000000)
  eden space 658432K, 48% used [0x0000000715580000,0x0000000728d53628,0x000000073d880000)
  from space 201728K, 0% used [0x000000073d880000,0x000000073d880000,0x0000000749d80000)
  to   space 158208K, 0% used [0x0000000749d80000,0x0000000749d80000,0x0000000753800000)
 ParOldGen       total 595456K, used 595036K [0x00000005c0000000, 0x00000005e4580000, 0x0000000715580000)
  object space 595456K, 99% used [0x00000005c0000000,0x00000005e4517110,0x00000005e4580000)
 Metaspace       used 6719K, capacity 7350K, committed 7552K, reserved 1056768K
  class space    used 608K, capacity 622K, committed 640K, reserved 1048576K
}
Event: 39.986 GC heap before
{Heap before GC invocations=22 (full 7):
 PSYoungGen      total 860160K, used 658432K [0x0000000715580000, 0x0000000759a80000, 0x00000007c0000000)
  eden space 658432K, 100% used [0x0000000715580000,0x000000073d880000,0x000000073d880000)
  from space 201728K, 0% used [0x000000073d880000,0x000000073d880000,0x0000000749d80000)
  to   space 158208K, 0% used [0x0000000749d80000,0x0000000749d80000,0x0000000753800000)
 ParOldGen       total 595456K, used 595036K [0x00000005c0000000, 0x00000005e4580000, 0x0000000715580000)
  object space 595456K, 99% used [0x00000005c0000000,0x00000005e4517110,0x00000005e4580000)
 Metaspace       used 6739K, capacity 7350K, committed 7552K, reserved 1056768K
  class space    used 608K, capacity 622K, committed 640K, reserved 1048576K
Event: 52.014 GC heap after
Heap after GC invocations=22 (full 7):
 PSYoungGen      total 860160K, used 255284K [0x0000000715580000, 0x0000000759a80000, 0x00000007c0000000)
  eden space 658432K, 38% used [0x0000000715580000,0x0000000724ecd2a8,0x000000073d880000)
  from space 201728K, 0% used [0x000000073d880000,0x000000073d880000,0x0000000749d80000)
  to   space 158208K, 0% used [0x0000000749d80000,0x0000000749d80000,0x0000000753800000)
 ParOldGen       total 595456K, used 595050K [0x00000005c0000000, 0x00000005e4580000, 0x0000000715580000)
  object space 595456K, 99% used [0x00000005c0000000,0x00000005e451aa98,0x00000005e4580000)
 Metaspace       used 6739K, capacity 7350K, committed 7552K, reserved 1056768K
  class space    used 608K, capacity 622K, committed 640K, reserved 1048576K
}

