# JRE version: OpenJDK Runtime Environment (8.0_112-b06) (build 1.8.0_112-release-b06)
# Java VM: OpenJDK 64-Bit Server VM (25.112-b06 mixed mode windows-amd64 compressed oops)
Heap:
 PSYoungGen      total 745472K, used 492195K [0x0000000715580000, 0x0000000756200000, 0x00000007c0000000)
  eden space 623616K, 59% used [0x0000000715580000,0x000000072bf2d790,0x000000073b680000)
  from space 121856K, 99% used [0x000000073b680000,0x0000000742d7b828,0x0000000742d80000)
  to   space 169472K, 0% used [0x000000074bc80000,0x000000074bc80000,0x0000000756200000)
 ParOldGen       total 498688K, used 369176K [0x00000005c0000000, 0x00000005de700000, 0x0000000715580000)
  object space 498688K, 74% used [0x00000005c0000000,0x00000005d6886010,0x00000005de700000)
 Metaspace       used 6606K, capacity 7282K, committed 7552K, reserved 1056768K
  class space    used 600K, capacity 618K, committed 640K, reserved 1048576K
GC Heap History (10 events):
Event: 10.679 GC heap before
{Heap before GC invocations=12 (full 2):
 PSYoungGen      total 553984K, used 515012K [0x0000000715580000, 0x0000000744b80000, 0x00000007c0000000)
  eden space 495104K, 100% used [0x0000000715580000,0x0000000733900000,0x0000000733900000)
  from space 58880K, 33% used [0x0000000733900000,0x0000000734c710f8,0x0000000737280000)
  to   space 87040K, 0% used [0x000000073f680000,0x000000073f680000,0x0000000744b80000)
 ParOldGen       total 296960K, used 163401K [0x00000005c0000000, 0x00000005d2200000, 0x0000000715580000)
  object space 296960K, 55% used [0x00000005c0000000,0x00000005c9f92678,0x00000005d2200000)
 Metaspace       used 6584K, capacity 7282K, committed 7552K, reserved 1056768K
  class space    used 599K, capacity 618K, committed 640K, reserved 1048576K
Event: 10.821 GC heap after
Heap after GC invocations=12 (full 2):
 PSYoungGen      total 639488K, used 87037K [0x0000000715580000, 0x0000000744b80000, 0x00000007c0000000)
  eden space 552448K, 0% used [0x0000000715580000,0x0000000715580000,0x0000000737100000)
  from space 87040K, 99% used [0x000000073f680000,0x0000000744b7f430,0x0000000744b80000)
  to   space 104960K, 0% used [0x0000000737e80000,0x0000000737e80000,0x000000073e500000)
 ParOldGen       total 296960K, used 170813K [0x00000005c0000000, 0x00000005d2200000, 0x0000000715580000)
  object space 296960K, 57% used [0x00000005c0000000,0x00000005ca6cf420,0x00000005d2200000)
 Metaspace       used 6584K, capacity 7282K, committed 7552K, reserved 1056768K
  class space    used 599K, capacity 618K, committed 640K, reserved 1048576K
}
Event: 11.795 GC heap before
{Heap before GC invocations=13 (full 2):
 PSYoungGen      total 639488K, used 639485K [0x0000000715580000, 0x0000000744b80000, 0x00000007c0000000)
  eden space 552448K, 100% used [0x0000000715580000,0x0000000737100000,0x0000000737100000)
  from space 87040K, 99% used [0x000000073f680000,0x0000000744b7f430,0x0000000744b80000)
  to   space 104960K, 0% used [0x0000000737e80000,0x0000000737e80000,0x000000073e500000)
 ParOldGen       total 296960K, used 170813K [0x00000005c0000000, 0x00000005d2200000, 0x0000000715580000)
  object space 296960K, 57% used [0x00000005c0000000,0x00000005ca6cf420,0x00000005d2200000)
 Metaspace       used 6594K, capacity 7282K, committed 7552K, reserved 1056768K
  class space    used 600K, capacity 618K, committed 640K, reserved 1048576K
Event: 12.025 GC heap after
Heap after GC invocations=13 (full 2):
 PSYoungGen      total 671232K, used 60162K [0x0000000715580000, 0x0000000749600000, 0x00000007c0000000)
  eden space 566272K, 0% used [0x0000000715580000,0x0000000715580000,0x0000000737e80000)
  from space 104960K, 57% used [0x0000000737e80000,0x000000073b940880,0x000000073e500000)
  to   space 107008K, 0% used [0x0000000742d80000,0x0000000742d80000,0x0000000749600000)
 ParOldGen       total 296960K, used 257316K [0x00000005c0000000, 0x00000005d2200000, 0x0000000715580000)
  object space 296960K, 86% used [0x00000005c0000000,0x00000005cfb49310,0x00000005d2200000)
 Metaspace       used 6594K, capacity 7282K, committed 7552K, reserved 1056768K
  class space    used 600K, capacity 618K, committed 640K, reserved 1048576K
}
Event: 12.026 GC heap before
{Heap before GC invocations=14 (full 3):
 PSYoungGen      total 671232K, used 60162K [0x0000000715580000, 0x0000000749600000, 0x00000007c0000000)
  eden space 566272K, 0% used [0x0000000715580000,0x0000000715580000,0x0000000737e80000)
  from space 104960K, 57% used [0x0000000737e80000,0x000000073b940880,0x000000073e500000)
  to   space 107008K, 0% used [0x0000000742d80000,0x0000000742d80000,0x0000000749600000)
 ParOldGen       total 296960K, used 257316K [0x00000005c0000000, 0x00000005d2200000, 0x0000000715580000)
  object space 296960K, 86% used [0x00000005c0000000,0x00000005cfb49310,0x00000005d2200000)
 Metaspace       used 6594K, capacity 7282K, committed 7552K, reserved 1056768K
  class space    used 600K, capacity 618K, committed 640K, reserved 1048576K
Event: 13.560 GC heap after
Heap after GC invocations=14 (full 3):
 PSYoungGen      total 671232K, used 8722K [0x0000000715580000, 0x0000000749600000, 0x00000007c0000000)
  eden space 566272K, 0% used [0x0000000715580000,0x0000000715580000,0x0000000737e80000)
  from space 104960K, 8% used [0x0000000737e80000,0x0000000738704ac0,0x000000073e500000)
  to   space 107008K, 0% used [0x0000000742d80000,0x0000000742d80000,0x0000000749600000)
 ParOldGen       total 498688K, used 296626K [0x00000005c0000000, 0x00000005de700000, 0x0000000715580000)
  object space 498688K, 59% used [0x00000005c0000000,0x00000005d21aca10,0x00000005de700000)
 Metaspace       used 6594K, capacity 7282K, committed 7552K, reserved 1056768K
  class space    used 600K, capacity 618K, committed 640K, reserved 1048576K
}
Event: 15.449 GC heap before
{Heap before GC invocations=15 (full 3):
 PSYoungGen      total 671232K, used 574994K [0x0000000715580000, 0x0000000749600000, 0x00000007c0000000)
  eden space 566272K, 100% used [0x0000000715580000,0x0000000737e80000,0x0000000737e80000)
  from space 104960K, 8% used [0x0000000737e80000,0x0000000738704ac0,0x000000073e500000)
  to   space 107008K, 0% used [0x0000000742d80000,0x0000000742d80000,0x0000000749600000)
 ParOldGen       total 498688K, used 296626K [0x00000005c0000000, 0x00000005de700000, 0x0000000715580000)
  object space 498688K, 59% used [0x00000005c0000000,0x00000005d21aca10,0x00000005de700000)
 Metaspace       used 6603K, capacity 7282K, committed 7552K, reserved 1056768K
  class space    used 600K, capacity 618K, committed 640K, reserved 1048576K
Event: 15.660 GC heap after
Heap after GC invocations=15 (full 3):
 PSYoungGen      total 730624K, used 97114K [0x0000000715580000, 0x000000074b780000, 0x00000007c0000000)
  eden space 623616K, 0% used [0x0000000715580000,0x0000000715580000,0x000000073b680000)
  from space 107008K, 90% used [0x0000000742d80000,0x0000000748c56bf0,0x0000000749600000)
  to   space 121856K, 0% used [0x000000073b680000,0x000000073b680000,0x0000000742d80000)
 ParOldGen       total 498688K, used 296626K [0x00000005c0000000, 0x00000005de700000, 0x0000000715580000)
  object space 498688K, 59% used [0x00000005c0000000,0x00000005d21aca10,0x00000005de700000)
 Metaspace       used 6603K, capacity 7282K, committed 7552K, reserved 1056768K
  class space    used 600K, capacity 618K, committed 640K, reserved 1048576K
}
Event: 17.092 GC heap before
{Heap before GC invocations=16 (full 3):
 PSYoungGen      total 730624K, used 720730K [0x0000000715580000, 0x000000074b780000, 0x00000007c0000000)
  eden space 623616K, 100% used [0x0000000715580000,0x000000073b680000,0x000000073b680000)
  from space 107008K, 90% used [0x0000000742d80000,0x0000000748c56bf0,0x0000000749600000)
  to   space 121856K, 0% used [0x000000073b680000,0x000000073b680000,0x0000000742d80000)
 ParOldGen       total 498688K, used 296626K [0x00000005c0000000, 0x00000005de700000, 0x0000000715580000)
  object space 498688K, 59% used [0x00000005c0000000,0x00000005d21aca10,0x00000005de700000)
 Metaspace       used 6605K, capacity 7282K, committed 7552K, reserved 1056768K
  class space    used 600K, capacity 618K, committed 640K, reserved 1048576K
Event: 17.379 GC heap after
Heap after GC invocations=16 (full 3):
 PSYoungGen      total 745472K, used 121838K [0x0000000715580000, 0x0000000756200000, 0x00000007c0000000)
  eden space 623616K, 0% used [0x0000000715580000,0x0000000715580000,0x000000073b680000)
  from space 121856K, 99% used [0x000000073b680000,0x0000000742d7b828,0x0000000742d80000)
  to   space 169472K, 0% used [0x000000074bc80000,0x000000074bc80000,0x0000000756200000)
 ParOldGen       total 498688K, used 369176K [0x00000005c0000000, 0x00000005de700000, 0x0000000715580000)
  object space 498688K, 74% used [0x00000005c0000000,0x00000005d6886010,0x00000005de700000)
 Metaspace       used 6605K, capacity 7282K, committed 7552K, reserved 1056768K
  class space    used 600K, capacity 618K, committed 640K, reserved 1048576K
}

